-------------------------------------------------------------------------------
Test set: runner.TestRunner
-------------------------------------------------------------------------------
Tests run: 14, Failures: 1, Errors: 0, Skipped: 0, Time elapsed: 127.912 s <<< FAILURE! - in runner.TestRunner
Login with valid email and invalid password(Login functionality)  Time elapsed: 8.933 s  <<< FAILURE!
java.lang.AssertionError

