<?xml version="1.0" encoding="UTF-8"?>
<testsuite xmlns:xsi="http://www.w3.org/2001/XMLSchema-instance" xsi:noNamespaceSchemaLocation="https://maven.apache.org/surefire/maven-surefire-plugin/xsd/surefire-test-report.xsd" name="runner.TestRunner" time="127.912" tests="14" errors="0" skipped="0" failures="1">
  <properties>
[...]
</properties>
  <testcase name="Login with valid credentials #1" classname="Login functionality" time="9.729"/>
  <testcase name="Login with valid credentials #2" classname="Login functionality" time="8.589"/>
  <testcase name="Login with valid credentials #3" classname="Login functionality" time="8.832"/>
  <testcase name="Login with invalid credentials" classname="Login functionality" time="8.522"/>
  <testcase name="Login with valid email and invalid password" classname="Login functionality" time="8.933">
    <failure type="java.lang.AssertionError">java.lang.AssertionError
</failure>
    <system-out><![CDATA[
Scenario: Login with valid email and invalid password                             &amp#27;[90m# src/test/resources/features/Login_Feature.feature:22&amp#27;[0m
  &amp#27;[32mGiven &amp#27;[0m&amp#27;[32mUser navigates to login page&amp#27;[0m                                              &amp#27;[90m# Stepdefinations.Login_Stepdefination.user_navigates_to_login_page()&amp#27;[0m
  &amp#27;[32mWhen &amp#27;[0m&amp#27;[32mUser enters valid email address &amp#27;[0m&amp#27;[32m&amp#27;[1m"malaviyasapna@gmail.com"&amp#27;[0m&amp#27;[32m into email field&amp#27;[0m &amp#27;[90m# Stepdefinations.Login_Stepdefination.User_enters_valid_email_address_into_email_field(java.lang.String)&amp#27;[0m
  &amp#27;[32mAnd &amp#27;[0m&amp#27;[32mUser enters invalid password &amp#27;[0m&amp#27;[32m&amp#27;[1m"1234567890"&amp#27;[0m&amp#27;[32m into password field&amp#27;[0m               &amp#27;[90m# Stepdefinations.Login_Stepdefination.user_enters_invalid_password_into_password_field(java.lang.String)&amp#27;[0m
  &amp#27;[32mAnd &amp#27;[0m&amp#27;[32mUser clicks on Login button&amp#27;[0m                                                 &amp#27;[90m# Stepdefinations.Login_Stepdefination.user_clicks_on_login_button()&amp#27;[0m
  &amp#27;[31mThen &amp#27;[0m&amp#27;[31mUser should get a proper warning message about credentials mismatch&amp#27;[0m        &amp#27;[90m# Stepdefinations.Login_Stepdefination.user_should_get_a_proper_warning_message_about_credentials_mismatch()&amp#27;[0m
      &amp#27;[31mjava.lang.AssertionError
	at org.junit.Assert.fail(Assert.java:86)
	at org.junit.Assert.assertTrue(Assert.java:41)
	at org.junit.Assert.assertTrue(Assert.java:52)
	at Stepdefinations.Login_Stepdefination.user_should_get_a_proper_warning_message_about_credentials_mismatch(Login_Stepdefination.java:93)
	at âœ½.User should get a proper warning message about credentials mismatch(file:///E:/Sapna/Automation/QA/CucumberProject/TutorialsNinjaProjectWithMaven/src/test/resources/features/Login_Feature.feature:27)
&amp#27;[0m

    Embedding Login_with_valid_email_and_invalid_password [image/png 97065 bytes]

]]></system-out>
    <system-err><![CDATA[1694549743725	geckodriver	INFO	Listening on 127.0.0.1:6679
1694549743782	mozrunner::runner	INFO	Running command: "C:\\Program Files\\Mozilla Firefox\\firefox.exe" "--marionette" "--remote-debugging-port" "44720" "--remote ... localhost:44720/,http://[::1]:44720/" "-no-remote" "-profile" "C:\\Users\\VIRAL\\AppData\\Local\\Temp\\rust_mozprofileyyA7QV"
console.warn: services.settings: Ignoring preference override of remote settings server
console.warn: services.settings: Allow by setting MOZ_REMOTE_SETTINGS_DEVTOOLS=1 in the environment
1694549744148	Marionette	INFO	Marionette enabled
Dynamically enable window occlusion 0
1694549744223	Marionette	INFO	Listening on port 61968
WebDriver BiDi listening on ws://127.0.0.1:44720
Read port: 61968
1694549744470	RemoteAgent	WARN	TLS certificate errors will be ignored for this session
DevTools listening on ws://127.0.0.1:44720/devtools/browser/97b13041-c080-42bb-bb11-d7c4d649c825
console.warn: LoginRecipes: "Falling back to a synchronous message for: https://tutorialsninja.com."
console.warn: LoginRecipes: "Falling back to a synchronous message for: https://tutorialsninja.com."
1694549751155	RemoteAgent	INFO	Perform WebSocket upgrade for incoming connection from 127.0.0.1:62004
1694549751160	CDP	WARN	Invalid browser preferences for CDP. Set "fission.webContentIsolationStrategy"to 0 and "fission.bfcacheInParent" to false before Firefox starts.
1694549751167	Marionette	INFO	Stopped listening on port 61968
Dynamically enable window occlusion 1
]]></system-err>
  </testcase>
  <testcase name="Login with invalid email and valid password" classname="Login functionality" time="8.637"/>
  <testcase name="Login without providing any credentails" classname="Login functionality" time="8.33"/>
  <testcase name="User creates an account only with mandatory fields" classname="Registration functionality" time="10.529"/>
  <testcase name="User creates an account with all fields" classname="Registration functionality" time="10.486"/>
  <testcase name="User creates a duplicate account" classname="Registration functionality" time="10.445"/>
  <testcase name="User creates an account without filling any details" classname="Registration functionality" time="9.918"/>
  <testcase name="User searches for a valid product" classname="Search functionality" time="7.778"/>
  <testcase name="User searches for an invalid product" classname="Search functionality" time="7.317"/>
  <testcase name="User searches without any product" classname="Search functionality" time="7.42"/>
</testsuite>